app/build/outputs/logs/manifest-merger-debug-report.txt
-- Merging decision tree log ---
manifest
ADDED from src/main/AndroidManifest.xml:2:1-38:12
	package
		ADDED from src/main/AndroidManifest.xml:3:5-33
		INJECTED from src/main/AndroidManifest.xml
		INJECTED from src/main/AndroidManifest.xml
	android:versionName
		ADDED from src/main/AndroidManifest.xml:5:5-30
	android:versionCode
		ADDED from src/main/AndroidManifest.xml:4:5-28
		INJECTED from src/main/AndroidManifest.xml
		INJECTED from src/main/AndroidManifest.xml
	xmlns:android
		ADDED from src/main/AndroidManifest.xml:2:11-69
uses-sdk
ADDED from src/main/AndroidManifest.xml:7:5-9:41
	android:targetSdkVersion
		ADDED from src/main/AndroidManifest.xml:9:9-38
		INJECTED from src/main/AndroidManifest.xml
		INJECTED from src/main/AndroidManifest.xml
	android:minSdkVersion
		ADDED from src/main/AndroidManifest.xml:8:9-34
		INJECTED from src/main/AndroidManifest.xml
		INJECTED from src/main/AndroidManifest.xml
application
ADDED from src/main/AndroidManifest.xml:11:5-36:19
	android:label
		ADDED from src/main/AndroidManifest.xml:14:9-41
	android:allowBackup
		ADDED from src/main/AndroidManifest.xml:12:9-35
	android:icon
		ADDED from src/main/AndroidManifest.xml:13:9-45
	android:theme
		ADDED from src/main/AndroidManifest.xml:15:9-40
activity#com.nyu.cs9033.eta.controllers.MainActivity
ADDED from src/main/AndroidManifest.xml:16:9-24:20
	android:label
		ADDED from src/main/AndroidManifest.xml:18:13-45
	android:name
		ADDED from src/main/AndroidManifest.xml:17:13-71
intent-filter#android.intent.action.MAIN+android.intent.category.LAUNCHER
ADDED from src/main/AndroidManifest.xml:19:13-23:29
action#android.intent.action.MAIN
ADDED from src/main/AndroidManifest.xml:20:17-69
	android:name
		ADDED from src/main/AndroidManifest.xml:20:25-66
category#android.intent.category.LAUNCHER
ADDED from src/main/AndroidManifest.xml:22:17-77
	android:name
		ADDED from src/main/AndroidManifest.xml:22:27-74
activity#com.nyu.cs9033.eta.controllers.CreateTripActivity
ADDED from src/main/AndroidManifest.xml:26:9-29:20
	android:label
		ADDED from src/main/AndroidManifest.xml:28:13-45
	android:name
		ADDED from src/main/AndroidManifest.xml:27:13-77
activity#com.nyu.cs9033.eta.controllers.ViewTripActivity
ADDED from src/main/AndroidManifest.xml:31:9-34:20
	android:label
		ADDED from src/main/AndroidManifest.xml:33:13-45
	android:name
		ADDED from src/main/AndroidManifest.xml:32:13-75